[0325/232024.314:ERROR:process_reader_win.cc(123)] NtOpenThread: {Access Denied} A process has requested access to an object, but has not been granted those access rights. (0xc0000022)
[0325/232024.314:ERROR:process_reader_win.cc(123)] NtOpenThread: {Access Denied} A process has requested access to an object, but has not been granted those access rights. (0xc0000022)
[0325/232024.314:ERROR:process_reader_win.cc(123)] NtOpenThread: {Access Denied} A process has requested access to an object, but has not been granted those access rights. (0xc0000022)
[0325/232024.943:ERROR:exception_snapshot_win.cc(98)] thread ID 8896 not found in process
[0325/232024.943:ERROR:exception_snapshot_win.cc(98)] thread ID 6920 not found in process
[0325/232024.943:ERROR:exception_snapshot_win.cc(98)] thread ID 11156 not found in process
[0325/232024.947:ERROR:scoped_process_suspend.cc(40)] NtResumeProcess: An attempt was made to access an exiting process. (0xc000010a)
[0413/224231.114:ERROR:process_reader_win.cc(123)] NtOpenThread: {Access Denied} A process has requested access to an object, but has not been granted those access rights. (0xc0000022)
[0413/224230.656:ERROR:scoped_process_suspend.cc(31)] NtSuspendProcess: An attempt was made to access an exiting process. (0xc000010a)
[0413/224230.790:ERROR:process_reader_win.cc(123)] NtOpenThread: {Access Denied} A process has requested access to an object, but has not been granted those access rights. (0xc0000022)
[0413/224231.405:ERROR:process_reader_win.cc(123)] NtOpenThread: {Access Denied} A process has requested access to an object, but has not been granted those access rights. (0xc0000022)
[0413/224230.786:ERROR:process_reader_win.cc(123)] NtOpenThread: {Access Denied} A process has requested access to an object, but has not been granted those access rights. (0xc0000022)
[0413/224231.564:ERROR:exception_snapshot_win.cc(98)] thread ID 7508 not found in process
[0413/224231.564:ERROR:exception_snapshot_win.cc(98)] thread ID 6172 not found in process
[0413/224231.564:ERROR:exception_snapshot_win.cc(98)] thread ID 5336 not found in process
[0413/224231.564:ERROR:exception_snapshot_win.cc(98)] thread ID 3768 not found in process
[0413/224231.717:ERROR:process_info.cc(118)] ReadProcessMemory bool __cdecl crashpad::(anonymous namespace)::ReadStruct(HANDLE, crashpad::WinVMAddress, T *) [T = crashpad::process_types::PEB<crashpad::process_types::internal::Traits64>]: Only part of a ReadProcessMemory or WriteProcessMemory request was completed. (0x12B)
[0413/224231.721:ERROR:process_info.cc(551)] ReadProcessData failed
[0413/224231.793:ERROR:process_reader_win.cc(123)] NtOpenThread: {Access Denied} A process has requested access to an object, but has not been granted those access rights. (0xc0000022)
[0413/224231.793:ERROR:exception_snapshot_win.cc(98)] thread ID 5576 not found in process
